mobile/android/app/build/outputs/logs/manifest-merger-debug-report.txt
-- Merging decision tree log ---
manifest
ADDED from src/main/AndroidManifest.xml:1:1-28:12
	package
		ADDED from src/main/AndroidManifest.xml:2:5-25
		INJECTED from src/main/AndroidManifest.xml
		INJECTED from src/main/AndroidManifest.xml
	android:versionName
		INJECTED from src/main/AndroidManifest.xml
		INJECTED from src/main/AndroidManifest.xml
	xmlns:android
		ADDED from src/main/AndroidManifest.xml:1:11-69
	android:versionCode
		INJECTED from src/main/AndroidManifest.xml
		INJECTED from src/main/AndroidManifest.xml
uses-permission#android.permission.INTERNET
ADDED from src/main/AndroidManifest.xml:4:5-67
MERGED from [com.transistorsoft:tslocationmanager:2.12.11] AndroidManifest.xml:15:5-67
MERGED from [com.google.android.gms:play-services-gcm:11.8.0] AndroidManifest.xml:24:5-67
MERGED from [com.google.android.gms:play-services-iid:11.8.0] AndroidManifest.xml:24:5-67
	android:name
		ADDED from src/main/AndroidManifest.xml:4:22-64
uses-permission#android.permission.SYSTEM_ALERT_WINDOW
ADDED from src/main/AndroidManifest.xml:5:5-77
MERGED from [com.facebook.react:react-native:0.55.2] AndroidManifest.xml:11:5-78
	android:name
		ADDED from src/main/AndroidManifest.xml:5:22-75
uses-permission#android.permission.ACCESS_WIFI_STATE
ADDED from src/main/AndroidManifest.xml:6:5-76
	android:name
		ADDED from src/main/AndroidManifest.xml:6:22-74
uses-permission#android.permission.ACCESS_FINE_LOCATION
ADDED from src/main/AndroidManifest.xml:7:5-79
MERGED from [com.transistorsoft:tslocationmanager:2.12.11] AndroidManifest.xml:13:5-79
	android:name
		ADDED from src/main/AndroidManifest.xml:7:22-76
application
ADDED from src/main/AndroidManifest.xml:9:5-26:19
MERGED from [mobile:react-native-background-fetch:unspecified] AndroidManifest.xml:11:5-24:19
MERGED from [com.transistorsoft:tsbackgroundfetch:0.2.0] AndroidManifest.xml:14:5-28:19
MERGED from [mobile:react-native-background-geolocation:unspecified] AndroidManifest.xml:11:5-34:19
MERGED from [com.google.android.gms:play-services-location:11.8.0] AndroidManifest.xml:7:5-20
MERGED from [com.google.android.gms:play-services-location-license:11.8.0] AndroidManifest.xml:5:5-20
MERGED from [com.transistorsoft:tslocationmanager:2.12.11] AndroidManifest.xml:25:5-54:19
MERGED from [com.intentfilter:android-permissions:0.1.6] AndroidManifest.xml:11:5-16:19
MERGED from [mobile:react-native-device-info:unspecified] AndroidManifest.xml:11:5-20:19
MERGED from [com.google.android.gms:play-services-gcm:11.8.0] AndroidManifest.xml:26:5-20
MERGED from [com.google.android.gms:play-services-iid:11.8.0] AndroidManifest.xml:26:5-20
MERGED from [com.google.android.gms:play-services-base:11.8.0] AndroidManifest.xml:22:5-27:19
MERGED from [com.google.android.gms:play-services-tasks:11.8.0] AndroidManifest.xml:7:5-20
MERGED from [com.google.android.gms:play-services-tasks-license:11.8.0] AndroidManifest.xml:5:5-20
MERGED from [com.google.android.gms:play-services-base-license:11.8.0] AndroidManifest.xml:5:5-20
MERGED from [com.google.android.gms:play-services-basement:11.8.0] AndroidManifest.xml:22:5-26:19
MERGED from [com.google.android.gms:play-services-basement-license:11.8.0] AndroidManifest.xml:5:5-20
MERGED from [com.google.android.gms:play-services-iid-license:11.8.0] AndroidManifest.xml:5:5-20
MERGED from [com.google.android.gms:play-services-gcm-license:11.8.0] AndroidManifest.xml:5:5-20
MERGED from [com.facebook.react:react-native:0.55.2] AndroidManifest.xml:13:5-20
MERGED from [com.android.support:appcompat-v7:23.0.1] AndroidManifest.xml:22:5-20
MERGED from [com.android.support:support-v4:25.2.0] AndroidManifest.xml:25:5-20
MERGED from [com.android.support:support-fragment:25.2.0] AndroidManifest.xml:25:5-20
MERGED from [com.android.support:support-media-compat:25.2.0] AndroidManifest.xml:25:5-20
MERGED from [com.android.support:support-core-ui:25.2.0] AndroidManifest.xml:25:5-20
MERGED from [com.android.support:support-core-utils:25.2.0] AndroidManifest.xml:25:5-20
MERGED from [com.android.support:support-compat:25.2.0] AndroidManifest.xml:25:5-20
MERGED from [com.facebook.soloader:soloader:0.1.0] AndroidManifest.xml:3:3-17
MERGED from [org.webkit:android-jsc:r174650] AndroidManifest.xml:2:3-17
	android:label
		ADDED from src/main/AndroidManifest.xml:11:7-39
	android:supportsRtl
		ADDED from [mobile:react-native-background-geolocation:unspecified] AndroidManifest.xml:13:9-35
	android:allowBackup
		ADDED from src/main/AndroidManifest.xml:13:7-34
	android:icon
		ADDED from src/main/AndroidManifest.xml:12:7-41
	android:theme
		ADDED from src/main/AndroidManifest.xml:14:7-38
	android:name
		ADDED from src/main/AndroidManifest.xml:10:7-38
activity#com.mobile.MainActivity
ADDED from src/main/AndroidManifest.xml:15:7-24:18
	android:label
		ADDED from src/main/AndroidManifest.xml:17:9-41
	android:windowSoftInputMode
		ADDED from src/main/AndroidManifest.xml:19:9-51
	android:configChanges
		ADDED from src/main/AndroidManifest.xml:18:9-79
	android:name
		ADDED from src/main/AndroidManifest.xml:16:9-37
intent-filter#android.intent.action.MAIN+android.intent.category.LAUNCHER
ADDED from src/main/AndroidManifest.xml:20:9-23:25
action#android.intent.action.MAIN
ADDED from src/main/AndroidManifest.xml:21:13-65
	android:name
		ADDED from src/main/AndroidManifest.xml:21:21-62
category#android.intent.category.LAUNCHER
ADDED from src/main/AndroidManifest.xml:22:13-73
	android:name
		ADDED from src/main/AndroidManifest.xml:22:23-70
activity#com.facebook.react.devsupport.DevSettingsActivity
ADDED from src/main/AndroidManifest.xml:25:7-84
	android:name
		ADDED from src/main/AndroidManifest.xml:25:17-81
uses-sdk
INJECTED from src/main/AndroidManifest.xml reason: use-sdk injection requested
MERGED from [mobile:react-native-background-fetch:unspecified] AndroidManifest.xml:7:5-9:41
MERGED from [com.transistorsoft:tsbackgroundfetch:0.2.0] AndroidManifest.xml:7:5-9:41
MERGED from [mobile:react-native-background-geolocation:unspecified] AndroidManifest.xml:7:5-9:41
MERGED from [com.google.android.gms:play-services-location:11.8.0] AndroidManifest.xml:5:5-44
MERGED from [com.google.android.gms:play-services-location-license:11.8.0] AndroidManifest.xml:4:5-43
MERGED from [com.transistorsoft:tslocationmanager:2.12.11] AndroidManifest.xml:7:5-9:41
MERGED from [com.github.tony19:logback-android:1.1.1-9] AndroidManifest.xml:7:5-9:41
MERGED from [com.github.tony19:apktool-lib:1.4.4-5] AndroidManifest.xml:7:5-9:41
MERGED from [com.intentfilter:android-permissions:0.1.6] AndroidManifest.xml:7:5-9:41
MERGED from [mobile:react-native-device-info:unspecified] AndroidManifest.xml:7:5-9:41
MERGED from [com.google.android.gms:play-services-gcm:11.8.0] AndroidManifest.xml:20:5-44
MERGED from [com.google.android.gms:play-services-iid:11.8.0] AndroidManifest.xml:20:5-44
MERGED from [com.google.android.gms:play-services-base:11.8.0] AndroidManifest.xml:20:5-44
MERGED from [com.google.android.gms:play-services-tasks:11.8.0] AndroidManifest.xml:5:5-44
MERGED from [com.google.android.gms:play-services-tasks-license:11.8.0] AndroidManifest.xml:4:5-43
MERGED from [com.google.android.gms:play-services-base-license:11.8.0] AndroidManifest.xml:4:5-43
MERGED from [com.google.android.gms:play-services-basement:11.8.0] AndroidManifest.xml:20:5-44
MERGED from [com.google.android.gms:play-services-basement-license:11.8.0] AndroidManifest.xml:4:5-43
MERGED from [com.google.android.gms:play-services-iid-license:11.8.0] AndroidManifest.xml:4:5-43
MERGED from [com.google.android.gms:play-services-gcm-license:11.8.0] AndroidManifest.xml:4:5-43
MERGED from [com.facebook.react:react-native:0.55.2] AndroidManifest.xml:7:5-9:41
MERGED from [com.android.support:appcompat-v7:23.0.1] AndroidManifest.xml:20:5-43
MERGED from [com.android.support:support-v4:25.2.0] AndroidManifest.xml:21:5-23:54
MERGED from [com.android.support:support-fragment:25.2.0] AndroidManifest.xml:21:5-23:60
MERGED from [com.android.support:support-media-compat:25.2.0] AndroidManifest.xml:21:5-23:63
MERGED from [com.android.support:support-core-ui:25.2.0] AndroidManifest.xml:21:5-23:58
MERGED from [com.android.support:support-core-utils:25.2.0] AndroidManifest.xml:21:5-23:61
MERGED from [com.android.support:support-compat:25.2.0] AndroidManifest.xml:21:5-23:58
MERGED from [com.facebook.fbui.textlayoutbuilder:textlayoutbuilder:1.0.0] AndroidManifest.xml:14:5-16:41
MERGED from [com.facebook.fresco:fresco:1.3.0] AndroidManifest.xml:5:5-7:41
MERGED from [com.facebook.fresco:drawee:1.3.0] AndroidManifest.xml:5:5-7:41
MERGED from [com.facebook.fresco:imagepipeline-okhttp3:1.3.0] AndroidManifest.xml:5:5-7:41
MERGED from [com.facebook.fresco:imagepipeline:1.3.0] AndroidManifest.xml:5:5-7:41
MERGED from [com.facebook.fresco:imagepipeline-base:1.3.0] AndroidManifest.xml:5:5-7:41
MERGED from [com.facebook.fresco:fbcore:1.3.0] AndroidManifest.xml:5:5-7:41
MERGED from [com.facebook.soloader:soloader:0.1.0] AndroidManifest.xml:2:3-70
	tools:overrideLibrary
		ADDED from [com.android.support:support-v4:25.2.0] AndroidManifest.xml:23:9-51
	android:targetSdkVersion
		INJECTED from src/main/AndroidManifest.xml
		INJECTED from src/main/AndroidManifest.xml
	android:minSdkVersion
		INJECTED from src/main/AndroidManifest.xml
		INJECTED from src/main/AndroidManifest.xml
service#com.transistorsoft.rnbackgroundfetch.HeadlessJobService
ADDED from [mobile:react-native-background-fetch:unspecified] AndroidManifest.xml:14:9-17:72
	android:exported
		ADDED from [mobile:react-native-background-fetch:unspecified] AndroidManifest.xml:16:13-36
	android:permission
		ADDED from [mobile:react-native-background-fetch:unspecified] AndroidManifest.xml:17:13-69
	android:name
		ADDED from [mobile:react-native-background-fetch:unspecified] AndroidManifest.xml:15:13-83
receiver#com.transistorsoft.rnbackgroundfetch.HeadlessBroadcastReceiver
ADDED from [mobile:react-native-background-fetch:unspecified] AndroidManifest.xml:19:9-23:20
	android:name
		ADDED from [mobile:react-native-background-fetch:unspecified] AndroidManifest.xml:19:19-96
intent-filter#${applicationId}.event.BACKGROUND_FETCH
ADDED from [mobile:react-native-background-fetch:unspecified] AndroidManifest.xml:20:13-22:29
action#${applicationId}.event.BACKGROUND_FETCH
ADDED from [mobile:react-native-background-fetch:unspecified] AndroidManifest.xml:21:17-82
	android:name
		ADDED from [mobile:react-native-background-fetch:unspecified] AndroidManifest.xml:21:25-79
uses-permission#android.permission.RECEIVE_BOOT_COMPLETED
ADDED from [com.transistorsoft:tsbackgroundfetch:0.2.0] AndroidManifest.xml:11:5-81
MERGED from [com.transistorsoft:tslocationmanager:2.12.11] AndroidManifest.xml:18:5-81
	android:name
		ADDED from [com.transistorsoft:tsbackgroundfetch:0.2.0] AndroidManifest.xml:11:22-78
uses-permission#android.permission.GET_TASKS
ADDED from [com.transistorsoft:tsbackgroundfetch:0.2.0] AndroidManifest.xml:12:5-68
MERGED from [com.transistorsoft:tslocationmanager:2.12.11] AndroidManifest.xml:19:5-68
	android:name
		ADDED from [com.transistorsoft:tsbackgroundfetch:0.2.0] AndroidManifest.xml:12:22-65
receiver#com.transistorsoft.tsbackgroundfetch.FetchAlarmReceiver
ADDED from [com.transistorsoft:tsbackgroundfetch:0.2.0] AndroidManifest.xml:15:9-92
	android:name
		ADDED from [com.transistorsoft:tsbackgroundfetch:0.2.0] AndroidManifest.xml:15:19-89
service#com.transistorsoft.tsbackgroundfetch.FetchJobService
ADDED from [com.transistorsoft:tsbackgroundfetch:0.2.0] AndroidManifest.xml:17:9-20:72
	android:exported
		ADDED from [com.transistorsoft:tsbackgroundfetch:0.2.0] AndroidManifest.xml:19:13-36
	android:permission
		ADDED from [com.transistorsoft:tsbackgroundfetch:0.2.0] AndroidManifest.xml:20:13-69
	android:name
		ADDED from [com.transistorsoft:tsbackgroundfetch:0.2.0] AndroidManifest.xml:18:13-80
receiver#com.transistorsoft.tsbackgroundfetch.BootReceiver
ADDED from [com.transistorsoft:tsbackgroundfetch:0.2.0] AndroidManifest.xml:22:9-27:20
	android:name
		ADDED from [com.transistorsoft:tsbackgroundfetch:0.2.0] AndroidManifest.xml:22:19-83
intent-filter#android.intent.action.BOOT_COMPLETED+android.intent.action.MY_PACKAGE_REPLACED
ADDED from [com.transistorsoft:tsbackgroundfetch:0.2.0] AndroidManifest.xml:23:13-26:29
action#android.intent.action.BOOT_COMPLETED
ADDED from [com.transistorsoft:tsbackgroundfetch:0.2.0] AndroidManifest.xml:24:17-79
	android:name
		ADDED from [com.transistorsoft:tsbackgroundfetch:0.2.0] AndroidManifest.xml:24:25-76
action#android.intent.action.MY_PACKAGE_REPLACED
ADDED from [com.transistorsoft:tsbackgroundfetch:0.2.0] AndroidManifest.xml:25:17-84
	android:name
		ADDED from [com.transistorsoft:tsbackgroundfetch:0.2.0] AndroidManifest.xml:25:25-81
service#com.transistorsoft.rnbackgroundgeolocation.HeadlessJobService
ADDED from [mobile:react-native-background-geolocation:unspecified] AndroidManifest.xml:14:9-17:72
	android:exported
		ADDED from [mobile:react-native-background-geolocation:unspecified] AndroidManifest.xml:16:13-36
	android:permission
		ADDED from [mobile:react-native-background-geolocation:unspecified] AndroidManifest.xml:17:13-69
	android:name
		ADDED from [mobile:react-native-background-geolocation:unspecified] AndroidManifest.xml:15:13-89
receiver#com.transistorsoft.rnbackgroundgeolocation.HeadlessBroadcastReceiver
ADDED from [mobile:react-native-background-geolocation:unspecified] AndroidManifest.xml:19:9-33:20
	android:name
		ADDED from [mobile:react-native-background-geolocation:unspecified] AndroidManifest.xml:19:19-102
intent-filter#${applicationId}.tslocationmanager.event.ACTIVITYCHANGE+${applicationId}.tslocationmanager.event.BOOT+${applicationId}.tslocationmanager.event.GEOFENCE+${applicationId}.tslocationmanager.event.HEARTBEAT+${applicationId}.tslocationmanager.event.HTTP+${applicationId}.tslocationmanager.event.LOCATION+${applicationId}.tslocationmanager.event.MOTIONCHANGE+${applicationId}.tslocationmanager.event.POWERSAVECHANGE+${applicationId}.tslocationmanager.event.PROVIDERCHANGE+${applicationId}.tslocationmanager.event.SCHEDULE+${applicationId}.tslocationmanager.event.TERMINATE
ADDED from [mobile:react-native-background-geolocation:unspecified] AndroidManifest.xml:20:13-32:29
action#${applicationId}.tslocationmanager.event.LOCATION
ADDED from [mobile:react-native-background-geolocation:unspecified] AndroidManifest.xml:21:17-92
	android:name
		ADDED from [mobile:react-native-background-geolocation:unspecified] AndroidManifest.xml:21:25-89
action#${applicationId}.tslocationmanager.event.MOTIONCHANGE
ADDED from [mobile:react-native-background-geolocation:unspecified] AndroidManifest.xml:22:17-96
	android:name
		ADDED from [mobile:react-native-background-geolocation:unspecified] AndroidManifest.xml:22:25-93
action#${applicationId}.tslocationmanager.event.ACTIVITYCHANGE
ADDED from [mobile:react-native-background-geolocation:unspecified] AndroidManifest.xml:23:17-98
	android:name
		ADDED from [mobile:react-native-background-geolocation:unspecified] AndroidManifest.xml:23:25-95
action#${applicationId}.tslocationmanager.event.PROVIDERCHANGE
ADDED from [mobile:react-native-background-geolocation:unspecified] AndroidManifest.xml:24:17-98
	android:name
		ADDED from [mobile:react-native-background-geolocation:unspecified] AndroidManifest.xml:24:25-95
action#${applicationId}.tslocationmanager.event.POWERSAVECHANGE
ADDED from [mobile:react-native-background-geolocation:unspecified] AndroidManifest.xml:25:17-99
	android:name
		ADDED from [mobile:react-native-background-geolocation:unspecified] AndroidManifest.xml:25:25-96
action#${applicationId}.tslocationmanager.event.HEARTBEAT
ADDED from [mobile:react-native-background-geolocation:unspecified] AndroidManifest.xml:26:17-93
	android:name
		ADDED from [mobile:react-native-background-geolocation:unspecified] AndroidManifest.xml:26:25-90
action#${applicationId}.tslocationmanager.event.GEOFENCE
ADDED from [mobile:react-native-background-geolocation:unspecified] AndroidManifest.xml:27:17-92
	android:name
		ADDED from [mobile:react-native-background-geolocation:unspecified] AndroidManifest.xml:27:25-89
action#${applicationId}.tslocationmanager.event.HTTP
ADDED from [mobile:react-native-background-geolocation:unspecified] AndroidManifest.xml:28:17-88
	android:name
		ADDED from [mobile:react-native-background-geolocation:unspecified] AndroidManifest.xml:28:25-85
action#${applicationId}.tslocationmanager.event.SCHEDULE
ADDED from [mobile:react-native-background-geolocation:unspecified] AndroidManifest.xml:29:17-92
	android:name
		ADDED from [mobile:react-native-background-geolocation:unspecified] AndroidManifest.xml:29:25-89
action#${applicationId}.tslocationmanager.event.BOOT
ADDED from [mobile:react-native-background-geolocation:unspecified] AndroidManifest.xml:30:17-88
	android:name
		ADDED from [mobile:react-native-background-geolocation:unspecified] AndroidManifest.xml:30:25-85
action#${applicationId}.tslocationmanager.event.TERMINATE
ADDED from [mobile:react-native-background-geolocation:unspecified] AndroidManifest.xml:31:17-93
	android:name
		ADDED from [mobile:react-native-background-geolocation:unspecified] AndroidManifest.xml:31:25-90
uses-permission#android.permission.ACCESS_NETWORK_STATE
ADDED from [com.transistorsoft:tslocationmanager:2.12.11] AndroidManifest.xml:11:5-79
	android:name
		ADDED from [com.transistorsoft:tslocationmanager:2.12.11] AndroidManifest.xml:11:22-76
uses-permission#android.permission.ACCESS_COARSE_LOCATION
ADDED from [com.transistorsoft:tslocationmanager:2.12.11] AndroidManifest.xml:12:5-81
	android:name
		ADDED from [com.transistorsoft:tslocationmanager:2.12.11] AndroidManifest.xml:12:22-78
uses-permission#android.permission.ACCESS_LOCATION_EXTRA_COMMANDS
ADDED from [com.transistorsoft:tslocationmanager:2.12.11] AndroidManifest.xml:14:5-89
	android:name
		ADDED from [com.transistorsoft:tslocationmanager:2.12.11] AndroidManifest.xml:14:22-86
uses-permission#android.permission.WAKE_LOCK
ADDED from [com.transistorsoft:tslocationmanager:2.12.11] AndroidManifest.xml:16:5-68
	android:name
		ADDED from [com.transistorsoft:tslocationmanager:2.12.11] AndroidManifest.xml:16:22-65
uses-permission#com.google.android.gms.permission.ACTIVITY_RECOGNITION
ADDED from [com.transistorsoft:tslocationmanager:2.12.11] AndroidManifest.xml:17:5-94
	android:name
		ADDED from [com.transistorsoft:tslocationmanager:2.12.11] AndroidManifest.xml:17:22-91
uses-feature#android.hardware.location.gps
ADDED from [com.transistorsoft:tslocationmanager:2.12.11] AndroidManifest.xml:21:5-23:36
	android:required
		ADDED from [com.transistorsoft:tslocationmanager:2.12.11] AndroidManifest.xml:23:9-33
	android:name
		ADDED from [com.transistorsoft:tslocationmanager:2.12.11] AndroidManifest.xml:22:9-53
service#com.transistorsoft.locationmanager.BackgroundGeolocationService
ADDED from [com.transistorsoft:tslocationmanager:2.12.11] AndroidManifest.xml:26:9-99
	android:name
		ADDED from [com.transistorsoft:tslocationmanager:2.12.11] AndroidManifest.xml:26:18-96
service#com.transistorsoft.locationmanager.LocationService
ADDED from [com.transistorsoft:tslocationmanager:2.12.11] AndroidManifest.xml:27:9-86
	android:name
		ADDED from [com.transistorsoft:tslocationmanager:2.12.11] AndroidManifest.xml:27:18-83
service#com.transistorsoft.locationmanager.ActivityRecognitionService
ADDED from [com.transistorsoft:tslocationmanager:2.12.11] AndroidManifest.xml:28:9-97
	android:name
		ADDED from [com.transistorsoft:tslocationmanager:2.12.11] AndroidManifest.xml:28:18-94
service#com.transistorsoft.locationmanager.geofence.GeofenceService
ADDED from [com.transistorsoft:tslocationmanager:2.12.11] AndroidManifest.xml:29:9-95
	android:name
		ADDED from [com.transistorsoft:tslocationmanager:2.12.11] AndroidManifest.xml:29:18-92
receiver#com.transistorsoft.locationmanager.scheduler.ScheduleAlarmReceiver
ADDED from [com.transistorsoft:tslocationmanager:2.12.11] AndroidManifest.xml:31:9-103
	android:name
		ADDED from [com.transistorsoft:tslocationmanager:2.12.11] AndroidManifest.xml:31:19-100
service#com.transistorsoft.locationmanager.scheduler.ScheduleJobService
ADDED from [com.transistorsoft:tslocationmanager:2.12.11] AndroidManifest.xml:33:9-36:72
	android:exported
		ADDED from [com.transistorsoft:tslocationmanager:2.12.11] AndroidManifest.xml:35:13-36
	android:permission
		ADDED from [com.transistorsoft:tslocationmanager:2.12.11] AndroidManifest.xml:36:13-69
	android:name
		ADDED from [com.transistorsoft:tslocationmanager:2.12.11] AndroidManifest.xml:34:13-91
receiver#com.transistorsoft.locationmanager.BootReceiver
ADDED from [com.transistorsoft:tslocationmanager:2.12.11] AndroidManifest.xml:38:9-43:20
	android:name
		ADDED from [com.transistorsoft:tslocationmanager:2.12.11] AndroidManifest.xml:38:19-81
provider#com.transistorsoft.locationmanager.util.LogFileProvider
ADDED from [com.transistorsoft:tslocationmanager:2.12.11] AndroidManifest.xml:45:9-53:20
	android:authorities
		ADDED from [com.transistorsoft:tslocationmanager:2.12.11] AndroidManifest.xml:47:13-82
	android:grantUriPermissions
		ADDED from [com.transistorsoft:tslocationmanager:2.12.11] AndroidManifest.xml:49:13-47
	android:exported
		ADDED from [com.transistorsoft:tslocationmanager:2.12.11] AndroidManifest.xml:48:13-37
	android:name
		ADDED from [com.transistorsoft:tslocationmanager:2.12.11] AndroidManifest.xml:46:13-83
meta-data#android.support.FILE_PROVIDER_PATHS
ADDED from [com.transistorsoft:tslocationmanager:2.12.11] AndroidManifest.xml:50:13-52:80
	android:resource
		ADDED from [com.transistorsoft:tslocationmanager:2.12.11] AndroidManifest.xml:52:17-77
	android:name
		ADDED from [com.transistorsoft:tslocationmanager:2.12.11] AndroidManifest.xml:51:17-67
activity#com.intentfilter.androidpermissions.PermissionsActivity
ADDED from [com.intentfilter:android-permissions:0.1.6] AndroidManifest.xml:12:9-15:59
	android:excludeFromRecents
		ADDED from [com.intentfilter:android-permissions:0.1.6] AndroidManifest.xml:14:13-46
	android:theme
		ADDED from [com.intentfilter:android-permissions:0.1.6] AndroidManifest.xml:15:13-56
	android:name
		ADDED from [com.intentfilter:android-permissions:0.1.6] AndroidManifest.xml:13:13-83
receiver#com.learnium.RNDeviceInfo.RNDeviceReceiver
ADDED from [mobile:react-native-device-info:unspecified] AndroidManifest.xml:12:9-19:20
	android:enabled
		ADDED from [mobile:react-native-device-info:unspecified] AndroidManifest.xml:14:13-35
	android:exported
		ADDED from [mobile:react-native-device-info:unspecified] AndroidManifest.xml:15:13-36
	android:name
		ADDED from [mobile:react-native-device-info:unspecified] AndroidManifest.xml:13:13-70
intent-filter#com.android.vending.INSTALL_REFERRER
ADDED from [mobile:react-native-device-info:unspecified] AndroidManifest.xml:16:13-18:29
action#com.android.vending.INSTALL_REFERRER
ADDED from [mobile:react-native-device-info:unspecified] AndroidManifest.xml:17:17-79
	android:name
		ADDED from [mobile:react-native-device-info:unspecified] AndroidManifest.xml:17:25-76
uses-permission#com.google.android.c2dm.permission.RECEIVE
ADDED from [com.google.android.gms:play-services-gcm:11.8.0] AndroidManifest.xml:23:5-82
MERGED from [com.google.android.gms:play-services-iid:11.8.0] AndroidManifest.xml:23:5-82
	android:name
		ADDED from [com.google.android.gms:play-services-gcm:11.8.0] AndroidManifest.xml:23:22-79
activity#com.google.android.gms.common.api.GoogleApiActivity
ADDED from [com.google.android.gms:play-services-base:11.8.0] AndroidManifest.xml:23:9-26:75
	android:exported
		ADDED from [com.google.android.gms:play-services-base:11.8.0] AndroidManifest.xml:25:13-37
	android:theme
		ADDED from [com.google.android.gms:play-services-base:11.8.0] AndroidManifest.xml:26:13-72
	android:name
		ADDED from [com.google.android.gms:play-services-base:11.8.0] AndroidManifest.xml:24:13-79
meta-data#com.google.android.gms.version
ADDED from [com.google.android.gms:play-services-basement:11.8.0] AndroidManifest.xml:23:9-25:69
	android:value
		ADDED from [com.google.android.gms:play-services-basement:11.8.0] AndroidManifest.xml:25:13-66
	android:name
		ADDED from [com.google.android.gms:play-services-basement:11.8.0] AndroidManifest.xml:24:13-58
android:uses-permission#android.permission.WRITE_EXTERNAL_STORAGE
IMPLIED from src/main/AndroidManifest.xml:1:1-28:12 reason: org.webkit.android_jsc has a targetSdkVersion < 4
android:uses-permission#android.permission.READ_PHONE_STATE
IMPLIED from src/main/AndroidManifest.xml:1:1-28:12 reason: org.webkit.android_jsc has a targetSdkVersion < 4
android:uses-permission#android.permission.READ_EXTERNAL_STORAGE
IMPLIED from src/main/AndroidManifest.xml:1:1-28:12 reason: org.webkit.android_jsc requested WRITE_EXTERNAL_STORAGE